proguard/seeds.txt
com.killerappz.android.lwp.mortalkombat.preferences.SeekBarPreference
com.killerappz.android.lwp.mortalkombat.preferences.SeekBarPreference
com.killerappz.android.lwp.mortalkombat.preferences.SeekBarPreference: SeekBarPreference(android.content.Context,android.util.AttributeSet)
com.killerappz.android.lwp.mortalkombat.preferences.LiveWallpaperSettings
com.killerappz.android.lwp.mortalkombat.SpinLogoWallpaperService
...
com.android.vending.licensing.ILicensingService
min3d.parser.Parser$Type: min3d.parser.Parser$Type[] values()
min3d.parser.Parser$Type: min3d.parser.Parser$Type valueOf(java.lang.String)
min3d.vos.LightType: min3d.vos.LightType[] values()
min3d.vos.LightType: min3d.vos.LightType valueOf(java.lang.String)
min3d.objectPrimitives.SkyBox$Face: min3d.objectPrimitives.SkyBox$Face[] values()
min3d.objectPrimitives.SkyBox$Face: min3d.objectPrimitives.SkyBox$Face valueOf(java.lang.String)
min3d.vos.ShadeModel: min3d.vos.ShadeModel[] values()
min3d.vos.ShadeModel: min3d.vos.ShadeModel valueOf(java.lang.String)
com.android.vending.licensing.Policy$LicenseResponse: com.android.vending.licensing.Policy$LicenseResponse[] values()
com.android.vending.licensing.Policy$LicenseResponse: com.android.vending.licensing.Policy$LicenseResponse valueOf(java.lang.String)
min3d.vos.RenderType: min3d.vos.RenderType[] values()
min3d.vos.RenderType: min3d.vos.RenderType valueOf(java.lang.String)
com.android.vending.licensing.LicenseCheckerCallback$ApplicationErrorCode: com.android.vending.licensing.LicenseCheckerCallback$ApplicationErrorCode[] values()
com.android.vending.licensing.LicenseCheckerCallback$ApplicationErrorCode: com.android.vending.licensing.LicenseCheckerCallback$ApplicationErrorCode valueOf(java.lang.String)
min3d.vos.FogType: min3d.vos.FogType[] values()
min3d.vos.FogType: min3d.vos.FogType valueOf(java.lang.String)
min3d.core.RendererActivity
net.rbgrn.android.glwallpaperservice.GLWallpaperService