proguard/mapping.txt
com.killerappz.android.lwp.mortalkombat.Constants -> com.killerappz.android.lwp.mortalkombat.b:
    byte[] SALT -> a
    java.lang.String[] licenseErrorCodes -> b
com.killerappz.android.lwp.mortalkombat.ObjLoader -> com.killerappz.android.lwp.mortalkombat.f:
    android.content.Context ctx -> a
    min3d.core.TextureManager tm -> b
    min3d.core.Object3dContainer load(java.lang.String) -> a
com.killerappz.android.lwp.mortalkombat.SpinLogoRenderer -> com.killerappz.android.lwp.mortalkombat.e:
    com.killerappz.android.lwp.mortalkombat.SpinningLogo logo -> a
    min3d.core.Scene scene -> b
    com.killerappz.android.lwp.mortalkombat.context.SpinLogoContext contextInfo -> c
    min3d.core.TextureManager textureManager -> d
    com.killerappz.android.lwp.mortalkombat.SpinLogoWallpaperService wallpaperRef -> e
    min3d.core.Renderer renderer -> f
    boolean initFinished -> g
    net.rbgrn.android.glwallpaperservice.GLWallpaperService$GLEngine underlyingEngine -> h
    void onDrawFrame(javax.microedition.khronos.opengles.GL10) -> b
    void onSurfaceChanged(javax.microedition.khronos.opengles.GL10,int,int) -> a
    void onSurfaceCreated$4a9c201c(javax.microedition.khronos.opengles.GL10) -> a
    void release() -> a
com.killerappz.android.lwp.mortalkombat.SpinLogoRenderer$PhonySceneController -> com.killerappz.android.lwp.mortalkombat.d:
    com.killerappz.android.lwp.mortalkombat.SpinLogoRenderer this$0 -> a
    android.os.Handler getInitSceneHandler() -> a
    java.lang.Runnable getInitSceneRunnable() -> b
    android.os.Handler getUpdateSceneHandler() -> c
    java.lang.Runnable getUpdateSceneRunnable() -> d
com.killerappz.android.lwp.mortalkombat.SpinLogoWallpaperService -> com.killerappz.android.lwp.mortalkombat.SpinLogoWallpaperService:
    com.killerappz.android.lwp.mortalkombat.context.SpinLogoContext contextInfo -> a
    com.killerappz.android.lwp.mortalkombat.licensing.MarketLicensingManager mLicenseManager -> b
    void onCreate() -> onCreate
    android.service.wallpaper.WallpaperService$Engine onCreateEngine() -> onCreateEngine
    void onDestroy() -> onDestroy
    void onOffsetsChanged(float,float,float,float,int,int) -> a
    boolean hasValidLicense() -> a
    void setLicenseStatus(boolean) -> a
    com.killerappz.android.lwp.mortalkombat.context.SpinLogoContext access$0(com.killerappz.android.lwp.mortalkombat.SpinLogoWallpaperService) -> a
com.killerappz.android.lwp.mortalkombat.SpinLogoWallpaperService$SpinLogoEngine -> com.killerappz.android.lwp.mortalkombat.c:
    android.content.SharedPreferences mPreferences -> a
    com.killerappz.android.lwp.mortalkombat.SpinLogoRenderer renderer -> b
    com.killerappz.android.lwp.mortalkombat.SpinLogoWallpaperService this$0 -> c
    void onDestroy() -> onDestroy
com.killerappz.android.lwp.mortalkombat.SpinningLogo -> com.killerappz.android.lwp.mortalkombat.a:
    min3d.core.Object3dContainer object -> a
    min3d.core.Scene scene -> b
    com.killerappz.android.lwp.mortalkombat.context.SpinLogoContext contextInfo -> c
    min3d.objectPrimitives.SkyBox skyBox -> d
    android.content.Context context -> e
    min3d.core.TextureManager textureManager -> f
    void draw(javax.microedition.khronos.opengles.GL10,min3d.core.Renderer) -> a
    void setCenter(com.killerappz.android.lwp.mortalkombat.context.Point) -> a
com.killerappz.android.lwp.mortalkombat.context.ContextInfo -> com.killerappz.android.lwp.mortalkombat.b.a:
    com.killerappz.android.lwp.mortalkombat.context.Point mCenter -> a
    com.killerappz.android.lwp.mortalkombat.context.OffsetInfo mOffset -> b
    com.killerappz.android.lwp.mortalkombat.context.TouchPoint mTouchPoint -> c
    void setCenter(float,float) -> a
    void setOffset(float,float,float,float,int,int) -> a
    com.killerappz.android.lwp.mortalkombat.context.Point getCenter() -> a
    com.killerappz.android.lwp.mortalkombat.context.OffsetInfo getOffset() -> b
...
min3d.vos.BooleanManaged -> min3d.c.l:
    boolean _b -> a
    boolean get() -> a
min3d.vos.CameraVo -> min3d.c.m:
    min3d.vos.Number3d position -> a
    min3d.vos.Number3d target -> b
    min3d.vos.Number3d upAxis -> c
    min3d.vos.FrustumManaged frustum -> d
min3d.vos.Color4 -> min3d.c.i:
    short r -> a
    short g -> b
    short b -> c
    short a -> d
    java.lang.String toString() -> toString
min3d.vos.Color4Managed -> min3d.c.o:
    short _r -> a
    short _g -> b
    short _b -> c
    short _a -> d
    java.nio.FloatBuffer _fb -> e
    short r() -> a
    short g() -> b
    short b() -> c
    short a() -> d
    java.nio.FloatBuffer floatBuffer() -> e
    void commitToFloatBuffer() -> i
    java.lang.String toString() -> toString
min3d.vos.Face -> min3d.c.d:
    short a -> a
    short b -> b
    short c -> c
min3d.vos.FloatManaged -> min3d.c.f:
    float _f -> a
    float get() -> a
min3d.vos.FogType -> min3d.c.r:
    min3d.vos.FogType LINEAR -> a
    min3d.vos.FogType EXP -> b
    min3d.vos.FogType EXP2 -> c
    int _glValue -> d
    min3d.vos.FogType[] ENUM$VALUES -> e
    int glValue() -> a
    min3d.vos.FogType[] values() -> values
    min3d.vos.FogType valueOf(java.lang.String) -> valueOf
min3d.vos.FrustumManaged -> min3d.c.p:
    float _shortSideLength -> a
    float _horizontalCenter -> b
    float _verticalCenter -> c
    float _zNear -> d
    float _zFar -> e
    float[] obliqueProjectionMatrix -> f
    float shortSideLength() -> a
    float horizontalCenter() -> b
    float verticalCenter() -> c
    float zNear() -> d
    float zFar() -> e
    float[] obliqueProjectionMatrix() -> i
    void obliqueProjectionAngles(float,float) -> a
    void fromPerspective$4098370b$2548a35() -> j
min3d.vos.Light -> min3d.c.j:
    min3d.vos.Number3dManaged position -> a
    min3d.vos.Number3dManaged direction -> b
    min3d.vos.Color4Managed ambient -> c
    min3d.vos.Color4Managed diffuse -> d
    min3d.vos.Color4Managed specular -> e
    min3d.vos.Color4Managed emissive -> f
    min3d.vos.LightType _type -> l
    min3d.vos.BooleanManaged _isVisible -> g
    java.nio.FloatBuffer _positionAndTypeBuffer -> h
    min3d.vos.FloatManaged _spotExponent -> i
    min3d.vos.FloatManaged _spotCutoffAngle -> j
    min3d.vos.Number3dManaged _attenuation -> k
    void onDirty() -> p
    void commitPositionAndTypeBuffer() -> a
min3d.vos.LightType -> min3d.c.c:
    min3d.vos.LightType DIRECTIONAL -> a
    min3d.vos.LightType POSITIONAL -> b
    float _glValue -> c
    min3d.vos.LightType[] ENUM$VALUES -> d
    float glValue() -> a
    min3d.vos.LightType[] values() -> values
    min3d.vos.LightType valueOf(java.lang.String) -> valueOf
min3d.vos.Number3d -> min3d.c.q:
    float x -> a
    float y -> b
    float z -> c
    min3d.vos.Number3d _temp -> d
    java.lang.String toString() -> toString
    min3d.vos.Number3d subtract(min3d.vos.Number3d,min3d.vos.Number3d) -> a
    java.lang.Object clone() -> clone
min3d.vos.Number3dManaged -> min3d.c.a:
    float _x -> a
    float _y -> b
    float _z -> c
    java.nio.FloatBuffer _fb -> d
    float getX() -> a
    float getY() -> b
    float getZ() -> c
    java.lang.String toString() -> toString
    java.nio.FloatBuffer floatBuffer() -> d
    void commitToFloatBuffer() -> e
min3d.vos.RenderType -> min3d.c.n:
    min3d.vos.RenderType POINTS -> a
    min3d.vos.RenderType LINES -> b
    min3d.vos.RenderType LINE_LOOP -> c
    min3d.vos.RenderType LINE_STRIP -> d
    min3d.vos.RenderType TRIANGLES -> e
    min3d.vos.RenderType TRIANGLE_STRIP -> f
    min3d.vos.RenderType TRIANGLE_FAN -> g
    int _glValue -> h
    min3d.vos.RenderType[] ENUM$VALUES -> i
    int glValue() -> a
    min3d.vos.RenderType[] values() -> values
    min3d.vos.RenderType valueOf(java.lang.String) -> valueOf