proguard/usage.txt
com.killerappz.android.lwp.mortalkombat.Constants:
    public static final java.lang.String PREFS_NAME
    public static final float ROTATION_SPEED_UNIT
    public static final int DEFAULT_ROTATION_SPEED
    public static final int ROTATION_MAX_SPEED
    public static final java.lang.String LOGO_MODEL_FILE
    public static final float LOGO_SCALING_X_FACTOR
    public static final float LOGO_SCALING_Y_FACTOR
    public static final float FIELD_OF_VIEW_Y
    public static final float Z_NEAR_PLANE
    public static final float Z_FAR_PLANE
    public static final float MAX_OBLIQUE_ANGLE
    public static final java.lang.String ROTATION_SPEED_KEY
    public static final java.lang.String ANDROID_NS
    public static final java.lang.String ATTR_DEFAULT_VALUE
    public static final java.lang.String ATTR_MAX_VALUE
    public static final int SKYBOX_SIZE
    public static final int SKYBOX_QUALITY_FACTOR
    public static final java.lang.String BASE64_PUBLIC_KEY
    public static final int UID_SIZE
    public static final java.lang.String LOG_TAG
com.killerappz.android.lwp.mortalkombat.R
com.killerappz.android.lwp.mortalkombat.R$attr
com.killerappz.android.lwp.mortalkombat.R$color
com.killerappz.android.lwp.mortalkombat.R$drawable
com.killerappz.android.lwp.mortalkombat.R$id
com.killerappz.android.lwp.mortalkombat.R$layout
com.killerappz.android.lwp.mortalkombat.R$raw
com.killerappz.android.lwp.mortalkombat.R$string
com.killerappz.android.lwp.mortalkombat.R$xml
com.killerappz.android.lwp.mortalkombat.context.ContextInfo:
    39:40:public void setTouchPoint(float,float)
    47:47:public com.killerappz.android.lwp.mortalkombat.context.Point getTouchPoint()
com.killerappz.android.lwp.mortalkombat.context.NoPreferencesContextInfo
com.killerappz.android.lwp.mortalkombat.context.TouchPoint:
    18:18:public boolean isTouched()
    22:23:public void setTouched(boolean)
    32:33:public com.killerappz.android.lwp.mortalkombat.context.Point get()
...
com.android.vending.licensing.LicenseValidator:
    private static final java.lang.String TAG
    private static final int LICENSED
    private static final int NOT_LICENSED
    private static final int LICENSED_OLD_KEY
    private static final int ERROR_NOT_MARKET_MANAGED
    private static final int ERROR_SERVER_FAILURE
    private static final int ERROR_OVER_QUOTA
    private static final int ERROR_CONTACTING_SERVER
    private static final int ERROR_INVALID_PACKAGE_NAME
    private static final int ERROR_NON_MATCHING_UID
    private static final java.lang.String SIGNATURE_ALGORITHM
com.android.vending.licensing.PreferenceObfuscator:
    private static final java.lang.String TAG
com.android.vending.licensing.R
com.android.vending.licensing.R$attr
com.android.vending.licensing.R$color
com.android.vending.licensing.R$drawable
com.android.vending.licensing.R$id
com.android.vending.licensing.R$layout
com.android.vending.licensing.R$raw
com.android.vending.licensing.R$string
com.android.vending.licensing.R$xml
com.android.vending.licensing.ServerManagedPolicy:
    private static final java.lang.String TAG
    private static final java.lang.String PREFS_FILE
    private static final java.lang.String PREF_LAST_RESPONSE
    private static final java.lang.String PREF_VALIDITY_TIMESTAMP
    private static final java.lang.String PREF_RETRY_UNTIL
    private static final java.lang.String PREF_MAX_RETRIES
    private static final java.lang.String PREF_RETRY_COUNT
    private static final java.lang.String DEFAULT_VALIDITY_TIMESTAMP
    private static final java.lang.String DEFAULT_RETRY_UNTIL
    private static final java.lang.String DEFAULT_MAX_RETRIES
    private static final java.lang.String DEFAULT_RETRY_COUNT
    private static final long MILLIS_PER_MINUTE
    154:154:public long getRetryCount()
    180:180:public long getValidityTimestamp()
    206:206:public long getRetryUntil()
    232:232:public long getMaxRetries()
com.android.vending.licensing.StrictPolicy
com.android.vending.licensing.ValidationException:
    private static final long serialVersionUID
com.android.vending.licensing.util.Base64:
    public static final boolean ENCODE
    public static final boolean DECODE
    private static final byte EQUALS_SIGN
    private static final byte NEW_LINE
    private static final byte WHITE_SPACE_ENC
    private static final byte EQUALS_SIGN_ENC
    258:258:public static java.lang.String encodeWebSafe(byte[],boolean)
    431:432:public static byte[] decodeWebSafe(java.lang.String)
    445:445:public static byte[] decode(byte[])
    458:458:public static byte[] decodeWebSafe(byte[])
    489:489:public static byte[] decodeWebSafe(byte[],int,int)
com.android.vending.licensing.util.Base64DecoderException:
    private static final long serialVersionUID
min3d.Min3d
min3d.Utils:
    public static final float DEG
    private static final int BYTES_PER_FLOAT
min3d.animation.AnimationObject3d:
    24:31:public AnimationObject3d(min3d.core.TextureManager,int,int,int)
    35:38:public AnimationObject3d(min3d.core.TextureManager,min3d.core.Vertices,min3d.core.FacesBufferedList,min3d.core.TextureList,min3d.animation.KeyFrame[])
    41:41:public int getCurrentFrame()
    45:46:public void addFrame(min3d.animation.KeyFrame)
    49:50:public void setFrames(min3d.animation.KeyFrame[])
    53:57:public void play()
    60:73:public void play(java.lang.String)
    76:78:public void play(java.lang.String,boolean)
    86:87:public void pause()
    140:140:public float getFps()
    144:145:public void setFps(float)
    149:165:public min3d.core.Object3d clone(boolean)
    170:178:public min3d.animation.KeyFrame[] getClonedFrames()
    182:182:public boolean getUpdateVertices()
    186:187:public void setUpdateVertices(boolean)
min3d.animation.KeyFrame:
    33:33:public int[] getIndices()